2025-12-15 13:21:49,176 - httpx - INFO - HTTP Request: POST https://api.telegram.org/bot7881043106:AAF_4vEr-x74mGWuYUZtwe0_NO_rRgyMnnM/getMe "HTTP/1.1 200 OK"
2025-12-15 13:21:49,424 - httpx - INFO - HTTP Request: POST https://api.telegram.org/bot7881043106:AAF_4vEr-x74mGWuYUZtwe0_NO_rRgyMnnM/deleteWebhook "HTTP/1.1 200 OK"
2025-12-15 13:21:49,431 - apscheduler.scheduler - INFO - Scheduler started
2025-12-15 13:21:49,433 - telegram.ext.Application - INFO - Application started
2025-12-15 13:22:00,166 - httpx - INFO - HTTP Request: POST https://api.telegram.org/bot7881043106:AAF_4vEr-x74mGWuYUZtwe0_NO_rRgyMnnM/getUpdates "HTTP/1.1 200 OK"
2025-12-15 13:22:02,442 - httpx - INFO - HTTP Request: POST https://api.telegram.org/bot7881043106:AAF_4vEr-x74mGWuYUZtwe0_NO_rRgyMnnM/getUpdates "HTTP/1.1 200 OK"
2025-12-15 13:22:03,372 - httpx - INFO - HTTP Request: POST https://api.telegram.org/bot7881043106:AAF_4vEr-x74mGWuYUZtwe0_NO_rRgyMnnM/sendMessage "HTTP/1.1 200 OK"
2025-12-15 13:22:12,686 - httpx - INFO - HTTP Request: POST https://api.telegram.org/bot7881043106:AAF_4vEr-x74mGWuYUZtwe0_NO_rRgyMnnM/getUpdates "HTTP/1.1 200 OK"
2025-12-15 13:22:15,094 - httpx - INFO - HTTP Request: POST https://api.telegram.org/bot7881043106:AAF_4vEr-x74mGWuYUZtwe0_NO_rRgyMnnM/getUpdates "HTTP/1.1 200 OK"
2025-12-15 13:22:15,970 - httpx - INFO - HTTP Request: POST https://api.telegram.org/bot7881043106:AAF_4vEr-x74mGWuYUZtwe0_NO_rRgyMnnM/answerCallbackQuery "HTTP/1.1 200 OK"
2025-12-15 13:22:16,431 - httpx - INFO - HTTP Request: POST https://api.telegram.org/bot7881043106:AAF_4vEr-x74mGWuYUZtwe0_NO_rRgyMnnM/editMessageText "HTTP/1.1 200 OK"
2025-12-15 13:22:18,167 - httpx - INFO - HTTP Request: POST https://api.telegram.org/bot7881043106:AAF_4vEr-x74mGWuYUZtwe0_NO_rRgyMnnM/getUpdates "HTTP/1.1 200 OK"
2025-12-15 13:22:18,564 - httpx - INFO - HTTP Request: POST https://api.telegram.org/bot7881043106:AAF_4vEr-x74mGWuYUZtwe0_NO_rRgyMnnM/answerCallbackQuery "HTTP/1.1 200 OK"
2025-12-15 13:22:18,986 - httpx - INFO - HTTP Request: POST https://api.telegram.org/bot7881043106:AAF_4vEr-x74mGWuYUZtwe0_NO_rRgyMnnM/editMessageReplyMarkup "HTTP/1.1 200 OK"
2025-12-15 13:22:23,330 - httpx - INFO - HTTP Request: POST https://api.telegram.org/bot7881043106:AAF_4vEr-x74mGWuYUZtwe0_NO_rRgyMnnM/getUpdates "HTTP/1.1 200 OK"
2025-12-15 13:22:23,741 - httpx - INFO - HTTP Request: POST https://api.telegram.org/bot7881043106:AAF_4vEr-x74mGWuYUZtwe0_NO_rRgyMnnM/answerCallbackQuery "HTTP/1.1 200 OK"
2025-12-15 13:22:24,158 - httpx - INFO - HTTP Request: POST https://api.telegram.org/bot7881043106:AAF_4vEr-x74mGWuYUZtwe0_NO_rRgyMnnM/editMessageReplyMarkup "HTTP/1.1 200 OK"
2025-12-15 13:22:28,865 - httpx - INFO - HTTP Request: POST https://api.telegram.org/bot7881043106:AAF_4vEr-x74mGWuYUZtwe0_NO_rRgyMnnM/getUpdates "HTTP/1.1 200 OK"
2025-12-15 13:22:29,270 - httpx - INFO - HTTP Request: POST https://api.telegram.org/bot7881043106:AAF_4vEr-x74mGWuYUZtwe0_NO_rRgyMnnM/answerCallbackQuery "HTTP/1.1 200 OK"
2025-12-15 13:22:29,679 - httpx - INFO - HTTP Request: POST https://api.telegram.org/bot7881043106:AAF_4vEr-x74mGWuYUZtwe0_NO_rRgyMnnM/editMessageReplyMarkup "HTTP/1.1 200 OK"
2025-12-15 13:22:32,910 - httpx - INFO - HTTP Request: POST https://api.telegram.org/bot7881043106:AAF_4vEr-x74mGWuYUZtwe0_NO_rRgyMnnM/getUpdates "HTTP/1.1 200 OK"
2025-12-15 13:22:33,314 - httpx - INFO - HTTP Request: POST https://api.telegram.org/bot7881043106:AAF_4vEr-x74mGWuYUZtwe0_NO_rRgyMnnM/answerCallbackQuery "HTTP/1.1 200 OK"
2025-12-15 13:22:33,730 - httpx - INFO - HTTP Request: POST https://api.telegram.org/bot7881043106:AAF_4vEr-x74mGWuYUZtwe0_NO_rRgyMnnM/editMessageReplyMarkup "HTTP/1.1 200 OK"
2025-12-15 13:22:34,360 - httpx - INFO - HTTP Request: POST https://api.telegram.org/bot7881043106:AAF_4vEr-x74mGWuYUZtwe0_NO_rRgyMnnM/getUpdates "HTTP/1.1 200 OK"
2025-12-15 13:22:34,756 - httpx - INFO - HTTP Request: POST https://api.telegram.org/bot7881043106:AAF_4vEr-x74mGWuYUZtwe0_NO_rRgyMnnM/answerCallbackQuery "HTTP/1.1 200 OK"
2025-12-15 13:22:35,162 - httpx - INFO - HTTP Request: POST https://api.telegram.org/bot7881043106:AAF_4vEr-x74mGWuYUZtwe0_NO_rRgyMnnM/editMessageText "HTTP/1.1 200 OK"
2025-12-15 13:22:44,601 - httpx - INFO - HTTP Request: POST https://api.telegram.org/bot7881043106:AAF_4vEr-x74mGWuYUZtwe0_NO_rRgyMnnM/getUpdates "HTTP/1.1 200 OK"
2025-12-15 13:22:47,182 - httpx - INFO - HTTP Request: POST https://api.telegram.org/bot7881043106:AAF_4vEr-x74mGWuYUZtwe0_NO_rRgyMnnM/getUpdates "HTTP/1.1 200 OK"
2025-12-15 13:22:48,159 - httpx - INFO - HTTP Request: POST https://api.telegram.org/bot7881043106:AAF_4vEr-x74mGWuYUZtwe0_NO_rRgyMnnM/sendMessage "HTTP/1.1 200 OK"
2025-12-15 13:22:48,403 - httpx - INFO - HTTP Request: POST https://api.telegram.org/bot7881043106:AAF_4vEr-x74mGWuYUZtwe0_NO_rRgyMnnM/getFile "HTTP/1.1 200 OK"
2025-12-15 13:22:48,917 - httpx - INFO - HTTP Request: GET https://api.telegram.org/file/bot7881043106%3AAAF_4vEr-x74mGWuYUZtwe0_NO_rRgyMnnM/photos/file_3.jpg "HTTP/1.1 200 OK"
2025-12-15 13:22:53,468 - httpx - INFO - HTTP Request: POST https://api.telegram.org/bot7881043106:AAF_4vEr-x74mGWuYUZtwe0_NO_rRgyMnnM/editMessageText "HTTP/1.1 200 OK"
2025-12-15 13:22:55,441 - httpx - INFO - HTTP Request: POST https://api.telegram.org/bot7881043106:AAF_4vEr-x74mGWuYUZtwe0_NO_rRgyMnnM/sendPhoto "HTTP/1.1 200 OK"
2025-12-15 13:22:57,443 - httpx - INFO - HTTP Request: POST https://api.telegram.org/bot7881043106:AAF_4vEr-x74mGWuYUZtwe0_NO_rRgyMnnM/getUpdates "HTTP/1.1 200 OK"
2025-12-15 13:23:07,675 - httpx - INFO - HTTP Request: POST https://api.telegram.org/bot7881043106:AAF_4vEr-x74mGWuYUZtwe0_NO_rRgyMnnM/getUpdates "HTTP/1.1 200 OK"
2025-12-15 13:23:17,910 - httpx - INFO - HTTP Request: POST https://api.telegram.org/bot7881043106:AAF_4vEr-x74mGWuYUZtwe0_NO_rRgyMnnM/getUpdates "HTTP/1.1 200 OK"
2025-12-15 13:23:24,262 - httpx - INFO - HTTP Request: POST https://api.telegram.org/bot7881043106:AAF_4vEr-x74mGWuYUZtwe0_NO_rRgyMnnM/getUpdates "HTTP/1.1 200 OK"
2025-12-15 13:23:25,151 - httpx - INFO - HTTP Request: POST https://api.telegram.org/bot7881043106:AAF_4vEr-x74mGWuYUZtwe0_NO_rRgyMnnM/sendMessage "HTTP/1.1 200 OK"
2025-12-15 13:23:34,492 - httpx - INFO - HTTP Request: POST https://api.telegram.org/bot7881043106:AAF_4vEr-x74mGWuYUZtwe0_NO_rRgyMnnM/getUpdates "HTTP/1.1 200 OK"
2025-12-15 13:23:44,747 - httpx - INFO - HTTP Request: POST https://api.telegram.org/bot7881043106:AAF_4vEr-x74mGWuYUZtwe0_NO_rRgyMnnM/getUpdates "HTTP/1.1 200 OK"
2025-12-15 13:23:54,980 - httpx - INFO - HTTP Request: POST https://api.telegram.org/bot7881043106:AAF_4vEr-x74mGWuYUZtwe0_NO_rRgyMnnM/getUpdates "HTTP/1.1 200 OK"
2025-12-15 13:23:58,300 - httpx - INFO - HTTP Request: POST https://api.telegram.org/bot7881043106:AAF_4vEr-x74mGWuYUZtwe0_NO_rRgyMnnM/getUpdates "HTTP/1.1 200 OK"
2025-12-15 13:24:08,541 - httpx - INFO - HTTP Request: POST https://api.telegram.org/bot7881043106:AAF_4vEr-x74mGWuYUZtwe0_NO_rRgyMnnM/getUpdates "HTTP/1.1 200 OK"
2025-12-15 13:24:11,812 - httpx - INFO - HTTP Request: POST https://api.telegram.org/bot7881043106:AAF_4vEr-x74mGWuYUZtwe0_NO_rRgyMnnM/getUpdates "HTTP/1.1 200 OK"
2025-12-15 13:24:12,697 - httpx - INFO - HTTP Request: POST https://api.telegram.org/bot7881043106:AAF_4vEr-x74mGWuYUZtwe0_NO_rRgyMnnM/answerCallbackQuery "HTTP/1.1 200 OK"
2025-12-15 13:24:13,146 - httpx - INFO - HTTP Request: POST https://api.telegram.org/bot7881043106:AAF_4vEr-x74mGWuYUZtwe0_NO_rRgyMnnM/editMessageText "HTTP/1.1 200 OK"
2025-12-15 13:24:17,346 - httpx - INFO - HTTP Request: POST https://api.telegram.org/bot7881043106:AAF_4vEr-x74mGWuYUZtwe0_NO_rRgyMnnM/getUpdates "HTTP/1.1 200 OK"
2025-12-15 13:24:17,752 - httpx - INFO - HTTP Request: POST https://api.telegram.org/bot7881043106:AAF_4vEr-x74mGWuYUZtwe0_NO_rRgyMnnM/answerCallbackQuery "HTTP/1.1 200 OK"
2025-12-15 13:24:18,176 - httpx - INFO - HTTP Request: POST https://api.telegram.org/bot7881043106:AAF_4vEr-x74mGWuYUZtwe0_NO_rRgyMnnM/editMessageText "HTTP/1.1 200 OK"
2025-12-15 13:24:27,583 - httpx - INFO - HTTP Request: POST https://api.telegram.org/bot7881043106:AAF_4vEr-x74mGWuYUZtwe0_NO_rRgyMnnM/getUpdates "HTTP/1.1 200 OK"
2025-12-15 13:24:29,591 - httpx - INFO - HTTP Request: POST https://api.telegram.org/bot7881043106:AAF_4vEr-x74mGWuYUZtwe0_NO_rRgyMnnM/getUpdates "HTTP/1.1 200 OK"
2025-12-15 13:24:30,533 - httpx - INFO - HTTP Request: POST https://api.telegram.org/bot7881043106:AAF_4vEr-x74mGWuYUZtwe0_NO_rRgyMnnM/answerCallbackQuery "HTTP/1.1 200 OK"
2025-12-15 13:24:31,025 - httpx - INFO - HTTP Request: POST https://api.telegram.org/bot7881043106:AAF_4vEr-x74mGWuYUZtwe0_NO_rRgyMnnM/editMessageText "HTTP/1.1 200 OK"
2025-12-15 13:24:32,547 - httpx - INFO - HTTP Request: POST https://api.telegram.org/bot7881043106:AAF_4vEr-x74mGWuYUZtwe0_NO_rRgyMnnM/getUpdates "HTTP/1.1 200 OK"
2025-12-15 13:24:32,978 - httpx - INFO - HTTP Request: POST https://api.telegram.org/bot7881043106:AAF_4vEr-x74mGWuYUZtwe0_NO_rRgyMnnM/answerCallbackQuery "HTTP/1.1 200 OK"
2025-12-15 13:24:33,426 - httpx - INFO - HTTP Request: POST https://api.telegram.org/bot7881043106:AAF_4vEr-x74mGWuYUZtwe0_NO_rRgyMnnM/editMessageReplyMarkup "HTTP/1.1 200 OK"
2025-12-15 13:24:33,506 - httpx - INFO - HTTP Request: POST https://api.telegram.org/bot7881043106:AAF_4vEr-x74mGWuYUZtwe0_NO_rRgyMnnM/getUpdates "HTTP/1.1 200 OK"
2025-12-15 13:24:33,960 - httpx - INFO - HTTP Request: POST https://api.telegram.org/bot7881043106:AAF_4vEr-x74mGWuYUZtwe0_NO_rRgyMnnM/answerCallbackQuery "HTTP/1.1 200 OK"
2025-12-15 13:24:34,417 - httpx - INFO - HTTP Request: POST https://api.telegram.org/bot7881043106:AAF_4vEr-x74mGWuYUZtwe0_NO_rRgyMnnM/editMessageReplyMarkup "HTTP/1.1 200 OK"
2025-12-15 13:24:34,703 - httpx - INFO - HTTP Request: POST https://api.telegram.org/bot7881043106:AAF_4vEr-x74mGWuYUZtwe0_NO_rRgyMnnM/getUpdates "HTTP/1.1 200 OK"
2025-12-15 13:24:35,159 - httpx - INFO - HTTP Request: POST https://api.telegram.org/bot7881043106:AAF_4vEr-x74mGWuYUZtwe0_NO_rRgyMnnM/answerCallbackQuery "HTTP/1.1 200 OK"
2025-12-15 13:24:35,601 - httpx - INFO - HTTP Request: POST https://api.telegram.org/bot7881043106:AAF_4vEr-x74mGWuYUZtwe0_NO_rRgyMnnM/editMessageReplyMarkup "HTTP/1.1 200 OK"
2025-12-15 13:24:36,594 - httpx - INFO - HTTP Request: POST https://api.telegram.org/bot7881043106:AAF_4vEr-x74mGWuYUZtwe0_NO_rRgyMnnM/getUpdates "HTTP/1.1 200 OK"
2025-12-15 13:24:37,034 - httpx - INFO - HTTP Request: POST https://api.telegram.org/bot7881043106:AAF_4vEr-x74mGWuYUZtwe0_NO_rRgyMnnM/answerCallbackQuery "HTTP/1.1 200 OK"
2025-12-15 13:24:37,478 - httpx - INFO - HTTP Request: POST https://api.telegram.org/bot7881043106:AAF_4vEr-x74mGWuYUZtwe0_NO_rRgyMnnM/editMessageText "HTTP/1.1 200 OK"
2025-12-15 13:24:46,837 - httpx - INFO - HTTP Request: POST https://api.telegram.org/bot7881043106:AAF_4vEr-x74mGWuYUZtwe0_NO_rRgyMnnM/getUpdates "HTTP/1.1 200 OK"
2025-12-15 13:24:57,076 - httpx - INFO - HTTP Request: POST https://api.telegram.org/bot7881043106:AAF_4vEr-x74mGWuYUZtwe0_NO_rRgyMnnM/getUpdates "HTTP/1.1 200 OK"
2025-12-15 13:25:03,633 - httpx - INFO - HTTP Request: POST https://api.telegram.org/bot7881043106:AAF_4vEr-x74mGWuYUZtwe0_NO_rRgyMnnM/getUpdates "HTTP/1.1 200 OK"
2025-12-15 13:25:04,603 - httpx - INFO - HTTP Request: POST https://api.telegram.org/bot7881043106:AAF_4vEr-x74mGWuYUZtwe0_NO_rRgyMnnM/sendMessage "HTTP/1.1 200 OK"
2025-12-15 13:25:04,840 - httpx - INFO - HTTP Request: POST https://api.telegram.org/bot7881043106:AAF_4vEr-x74mGWuYUZtwe0_NO_rRgyMnnM/getFile "HTTP/1.1 200 OK"
2025-12-15 13:25:05,097 - httpx - INFO - HTTP Request: GET https://api.telegram.org/file/bot7881043106%3AAAF_4vEr-x74mGWuYUZtwe0_NO_rRgyMnnM/photos/file_1.jpg "HTTP/1.1 200 OK"
2025-12-15 13:25:11,262 - httpx - INFO - HTTP Request: POST https://api.telegram.org/bot7881043106:AAF_4vEr-x74mGWuYUZtwe0_NO_rRgyMnnM/editMessageText "HTTP/1.1 200 OK"
2025-12-15 13:25:13,900 - httpx - INFO - HTTP Request: POST https://api.telegram.org/bot7881043106:AAF_4vEr-x74mGWuYUZtwe0_NO_rRgyMnnM/getUpdates "HTTP/1.1 200 OK"
2025-12-15 13:25:13,994 - httpx - INFO - HTTP Request: POST https://api.telegram.org/bot7881043106:AAF_4vEr-x74mGWuYUZtwe0_NO_rRgyMnnM/sendPhoto "HTTP/1.1 200 OK"
2025-12-15 13:25:24,172 - httpx - INFO - HTTP Request: POST https://api.telegram.org/bot7881043106:AAF_4vEr-x74mGWuYUZtwe0_NO_rRgyMnnM/getUpdates "HTTP/1.1 200 OK"
2025-12-15 13:25:34,410 - httpx - INFO - HTTP Request: POST https://api.telegram.org/bot7881043106:AAF_4vEr-x74mGWuYUZtwe0_NO_rRgyMnnM/getUpdates "HTTP/1.1 200 OK"
2025-12-15 13:25:44,680 - httpx - INFO - HTTP Request: POST https://api.telegram.org/bot7881043106:AAF_4vEr-x74mGWuYUZtwe0_NO_rRgyMnnM/getUpdates "HTTP/1.1 200 OK"
2025-12-15 13:25:54,918 - httpx - INFO - HTTP Request: POST https://api.telegram.org/bot7881043106:AAF_4vEr-x74mGWuYUZtwe0_NO_rRgyMnnM/getUpdates "HTTP/1.1 200 OK"
2025-12-15 13:26:05,172 - httpx - INFO - HTTP Request: POST https://api.telegram.org/bot7881043106:AAF_4vEr-x74mGWuYUZtwe0_NO_rRgyMnnM/getUpdates "HTTP/1.1 200 OK"
2025-12-15 13:26:15,411 - httpx - INFO - HTTP Request: POST https://api.telegram.org/bot7881043106:AAF_4vEr-x74mGWuYUZtwe0_NO_rRgyMnnM/getUpdates "HTTP/1.1 200 OK"
2025-12-15 13:26:25,652 - httpx - INFO - HTTP Request: POST https://api.telegram.org/bot7881043106:AAF_4vEr-x74mGWuYUZtwe0_NO_rRgyMnnM/getUpdates "HTTP/1.1 200 OK"
2025-12-15 13:26:35,891 - httpx - INFO - HTTP Request: POST https://api.telegram.org/bot7881043106:AAF_4vEr-x74mGWuYUZtwe0_NO_rRgyMnnM/getUpdates "HTTP/1.1 200 OK"
2025-12-15 13:26:46,132 - httpx - INFO - HTTP Request: POST https://api.telegram.org/bot7881043106:AAF_4vEr-x74mGWuYUZtwe0_NO_rRgyMnnM/getUpdates "HTTP/1.1 200 OK"
2025-12-15 13:26:56,371 - httpx - INFO - HTTP Request: POST https://api.telegram.org/bot7881043106:AAF_4vEr-x74mGWuYUZtwe0_NO_rRgyMnnM/getUpdates "HTTP/1.1 200 OK"
2025-12-15 13:26:56,711 - httpx - INFO - HTTP Request: POST https://api.telegram.org/bot7881043106:AAF_4vEr-x74mGWuYUZtwe0_NO_rRgyMnnM/getUpdates "HTTP/1.1 200 OK"
2025-12-15 13:26:57,757 - httpx - INFO - HTTP Request: POST https://api.telegram.org/bot7881043106:AAF_4vEr-x74mGWuYUZtwe0_NO_rRgyMnnM/sendMessage "HTTP/1.1 200 OK"
2025-12-15 13:27:06,979 - httpx - INFO - HTTP Request: POST https://api.telegram.org/bot7881043106:AAF_4vEr-x74mGWuYUZtwe0_NO_rRgyMnnM/getUpdates "HTTP/1.1 200 OK"
2025-12-15 13:27:17,263 - httpx - INFO - HTTP Request: POST https://api.telegram.org/bot7881043106:AAF_4vEr-x74mGWuYUZtwe0_NO_rRgyMnnM/getUpdates "HTTP/1.1 200 OK"
2025-12-15 13:27:27,500 - httpx - INFO - HTTP Request: POST https://api.telegram.org/bot7881043106:AAF_4vEr-x74mGWuYUZtwe0_NO_rRgyMnnM/getUpdates "HTTP/1.1 200 OK"
2025-12-15 13:27:37,742 - httpx - INFO - HTTP Request: POST https://api.telegram.org/bot7881043106:AAF_4vEr-x74mGWuYUZtwe0_NO_rRgyMnnM/getUpdates "HTTP/1.1 200 OK"
2025-12-15 13:27:47,985 - httpx - INFO - HTTP Request: POST https://api.telegram.org/bot7881043106:AAF_4vEr-x74mGWuYUZtwe0_NO_rRgyMnnM/getUpdates "HTTP/1.1 200 OK"
2025-12-15 13:27:58,223 - httpx - INFO - HTTP Request: POST https://api.telegram.org/bot7881043106:AAF_4vEr-x74mGWuYUZtwe0_NO_rRgyMnnM/getUpdates "HTTP/1.1 200 OK"
2025-12-15 13:28:08,511 - httpx - INFO - HTTP Request: POST https://api.telegram.org/bot7881043106:AAF_4vEr-x74mGWuYUZtwe0_NO_rRgyMnnM/getUpdates "HTTP/1.1 200 OK"
2025-12-15 13:28:13,751 - httpx - INFO - HTTP Request: POST https://api.telegram.org/bot7881043106:AAF_4vEr-x74mGWuYUZtwe0_NO_rRgyMnnM/getUpdates "HTTP/1.1 200 OK"
2025-12-15 13:28:14,657 - httpx - INFO - HTTP Request: POST https://api.telegram.org/bot7881043106:AAF_4vEr-x74mGWuYUZtwe0_NO_rRgyMnnM/sendMessage "HTTP/1.1 200 OK"
2025-12-15 13:28:17,858 - httpx - INFO - HTTP Request: POST https://api.telegram.org/bot7881043106:AAF_4vEr-x74mGWuYUZtwe0_NO_rRgyMnnM/getUpdates "HTTP/1.1 200 OK"
2025-12-15 13:28:18,304 - httpx - INFO - HTTP Request: POST https://api.telegram.org/bot7881043106:AAF_4vEr-x74mGWuYUZtwe0_NO_rRgyMnnM/answerCallbackQuery "HTTP/1.1 200 OK"
2025-12-15 13:28:18,827 - httpx - INFO - HTTP Request: POST https://api.telegram.org/bot7881043106:AAF_4vEr-x74mGWuYUZtwe0_NO_rRgyMnnM/editMessageText "HTTP/1.1 200 OK"
2025-12-15 13:28:21,825 - httpx - INFO - HTTP Request: POST https://api.telegram.org/bot7881043106:AAF_4vEr-x74mGWuYUZtwe0_NO_rRgyMnnM/getUpdates "HTTP/1.1 200 OK"
2025-12-15 13:28:22,272 - httpx - INFO - HTTP Request: POST https://api.telegram.org/bot7881043106:AAF_4vEr-x74mGWuYUZtwe0_NO_rRgyMnnM/answerCallbackQuery "HTTP/1.1 200 OK"
2025-12-15 13:28:22,694 - httpx - INFO - HTTP Request: POST https://api.telegram.org/bot7881043106:AAF_4vEr-x74mGWuYUZtwe0_NO_rRgyMnnM/editMessageText "HTTP/1.1 200 OK"
2025-12-15 13:28:29,211 - httpx - INFO - HTTP Request: POST https://api.telegram.org/bot7881043106:AAF_4vEr-x74mGWuYUZtwe0_NO_rRgyMnnM/getUpdates "HTTP/1.1 200 OK"
2025-12-15 13:28:30,177 - httpx - INFO - HTTP Request: POST https://api.telegram.org/bot7881043106:AAF_4vEr-x74mGWuYUZtwe0_NO_rRgyMnnM/answerCallbackQuery "HTTP/1.1 200 OK"
2025-12-15 13:28:30,602 - httpx - INFO - HTTP Request: POST https://api.telegram.org/bot7881043106:AAF_4vEr-x74mGWuYUZtwe0_NO_rRgyMnnM/editMessageText "HTTP/1.1 200 OK"
2025-12-15 13:28:37,158 - httpx - INFO - HTTP Request: POST https://api.telegram.org/bot7881043106:AAF_4vEr-x74mGWuYUZtwe0_NO_rRgyMnnM/getUpdates "HTTP/1.1 200 OK"
2025-12-15 13:28:38,076 - httpx - INFO - HTTP Request: POST https://api.telegram.org/bot7881043106:AAF_4vEr-x74mGWuYUZtwe0_NO_rRgyMnnM/sendMessage "HTTP/1.1 200 OK"
2025-12-15 13:28:40,880 - httpx - INFO - HTTP Request: POST https://api.telegram.org/bot7881043106:AAF_4vEr-x74mGWuYUZtwe0_NO_rRgyMnnM/getUpdates "HTTP/1.1 200 OK"
2025-12-15 13:28:41,301 - httpx - INFO - HTTP Request: POST https://api.telegram.org/bot7881043106:AAF_4vEr-x74mGWuYUZtwe0_NO_rRgyMnnM/answerCallbackQuery "HTTP/1.1 200 OK"
2025-12-15 13:28:41,735 - httpx - INFO - HTTP Request: POST https://api.telegram.org/bot7881043106:AAF_4vEr-x74mGWuYUZtwe0_NO_rRgyMnnM/editMessageText "HTTP/1.1 200 OK"
2025-12-15 13:28:43,644 - httpx - INFO - HTTP Request: POST https://api.telegram.org/bot7881043106:AAF_4vEr-x74mGWuYUZtwe0_NO_rRgyMnnM/getUpdates "HTTP/1.1 200 OK"
2025-12-15 13:28:44,062 - httpx - INFO - HTTP Request: POST https://api.telegram.org/bot7881043106:AAF_4vEr-x74mGWuYUZtwe0_NO_rRgyMnnM/answerCallbackQuery "HTTP/1.1 200 OK"
2025-12-15 13:28:44,518 - httpx - INFO - HTTP Request: POST https://api.telegram.org/bot7881043106:AAF_4vEr-x74mGWuYUZtwe0_NO_rRgyMnnM/editMessageText "HTTP/1.1 200 OK"
2025-12-15 13:28:51,593 - httpx - INFO - HTTP Request: POST https://api.telegram.org/bot7881043106:AAF_4vEr-x74mGWuYUZtwe0_NO_rRgyMnnM/getUpdates "HTTP/1.1 200 OK"
2025-12-15 13:28:52,555 - httpx - INFO - HTTP Request: POST https://api.telegram.org/bot7881043106:AAF_4vEr-x74mGWuYUZtwe0_NO_rRgyMnnM/sendMessage "HTTP/1.1 200 OK"
2025-12-15 13:28:52,815 - httpx - INFO - HTTP Request: POST https://api.telegram.org/bot7881043106:AAF_4vEr-x74mGWuYUZtwe0_NO_rRgyMnnM/getFile "HTTP/1.1 200 OK"
2025-12-15 13:28:53,579 - httpx - INFO - HTTP Request: GET https://api.telegram.org/file/bot7881043106%3AAAF_4vEr-x74mGWuYUZtwe0_NO_rRgyMnnM/photos/file_3.jpg "HTTP/1.1 200 OK"
2025-12-15 13:28:54,329 - httpx - INFO - HTTP Request: POST https://api.telegram.org/bot7881043106:AAF_4vEr-x74mGWuYUZtwe0_NO_rRgyMnnM/editMessageText "HTTP/1.1 200 OK"
2025-12-15 13:28:56,099 - httpx - INFO - HTTP Request: POST https://api.telegram.org/bot7881043106:AAF_4vEr-x74mGWuYUZtwe0_NO_rRgyMnnM/sendPhoto "HTTP/1.1 200 OK"
2025-12-15 13:29:01,833 - httpx - INFO - HTTP Request: POST https://api.telegram.org/bot7881043106:AAF_4vEr-x74mGWuYUZtwe0_NO_rRgyMnnM/getUpdates "HTTP/1.1 200 OK"
2025-12-15 13:29:02,480 - httpx - INFO - HTTP Request: POST https://api.telegram.org/bot7881043106:AAF_4vEr-x74mGWuYUZtwe0_NO_rRgyMnnM/getUpdates "HTTP/1.1 200 OK"
2025-12-15 13:29:03,582 - httpx - INFO - HTTP Request: POST https://api.telegram.org/bot7881043106:AAF_4vEr-x74mGWuYUZtwe0_NO_rRgyMnnM/sendMessage "HTTP/1.1 200 OK"
2025-12-15 13:29:06,056 - httpx - INFO - HTTP Request: POST https://api.telegram.org/bot7881043106:AAF_4vEr-x74mGWuYUZtwe0_NO_rRgyMnnM/getUpdates "HTTP/1.1 200 OK"
2025-12-15 13:29:06,541 - httpx - INFO - HTTP Request: POST https://api.telegram.org/bot7881043106:AAF_4vEr-x74mGWuYUZtwe0_NO_rRgyMnnM/answerCallbackQuery "HTTP/1.1 200 OK"
2025-12-15 13:29:07,002 - httpx - INFO - HTTP Request: POST https://api.telegram.org/bot7881043106:AAF_4vEr-x74mGWuYUZtwe0_NO_rRgyMnnM/editMessageText "HTTP/1.1 200 OK"
2025-12-15 13:29:08,996 - httpx - INFO - HTTP Request: POST https://api.telegram.org/bot7881043106:AAF_4vEr-x74mGWuYUZtwe0_NO_rRgyMnnM/getUpdates "HTTP/1.1 200 OK"
2025-12-15 13:29:09,511 - httpx - INFO - HTTP Request: POST https://api.telegram.org/bot7881043106:AAF_4vEr-x74mGWuYUZtwe0_NO_rRgyMnnM/answerCallbackQuery "HTTP/1.1 200 OK"
2025-12-15 13:29:09,975 - httpx - INFO - HTTP Request: POST https://api.telegram.org/bot7881043106:AAF_4vEr-x74mGWuYUZtwe0_NO_rRgyMnnM/editMessageText "HTTP/1.1 200 OK"
2025-12-15 13:29:17,850 - httpx - INFO - HTTP Request: POST https://api.telegram.org/bot7881043106:AAF_4vEr-x74mGWuYUZtwe0_NO_rRgyMnnM/getUpdates "HTTP/1.1 200 OK"
2025-12-15 13:29:18,742 - httpx - INFO - HTTP Request: POST https://api.telegram.org/bot7881043106:AAF_4vEr-x74mGWuYUZtwe0_NO_rRgyMnnM/sendMessage "HTTP/1.1 200 OK"
2025-12-15 13:29:18,981 - httpx - INFO - HTTP Request: POST https://api.telegram.org/bot7881043106:AAF_4vEr-x74mGWuYUZtwe0_NO_rRgyMnnM/getFile "HTTP/1.1 200 OK"
2025-12-15 13:29:19,458 - httpx - INFO - HTTP Request: GET https://api.telegram.org/file/bot7881043106%3AAAF_4vEr-x74mGWuYUZtwe0_NO_rRgyMnnM/photos/file_3.jpg "HTTP/1.1 200 OK"
2025-12-15 13:29:20,598 - httpx - INFO - HTTP Request: POST https://api.telegram.org/bot7881043106:AAF_4vEr-x74mGWuYUZtwe0_NO_rRgyMnnM/editMessageText "HTTP/1.1 200 OK"
2025-12-15 13:29:21,255 - httpx - INFO - HTTP Request: POST https://api.telegram.org/bot7881043106:AAF_4vEr-x74mGWuYUZtwe0_NO_rRgyMnnM/sendPhoto "HTTP/1.1 200 OK"
2025-12-15 13:29:28,100 - httpx - INFO - HTTP Request: POST https://api.telegram.org/bot7881043106:AAF_4vEr-x74mGWuYUZtwe0_NO_rRgyMnnM/getUpdates "HTTP/1.1 200 OK"
2025-12-15 13:29:31,682 - httpx - INFO - HTTP Request: POST https://api.telegram.org/bot7881043106:AAF_4vEr-x74mGWuYUZtwe0_NO_rRgyMnnM/getUpdates "HTTP/1.1 200 OK"
2025-12-15 13:29:32,642 - httpx - INFO - HTTP Request: POST https://api.telegram.org/bot7881043106:AAF_4vEr-x74mGWuYUZtwe0_NO_rRgyMnnM/sendMessage "HTTP/1.1 200 OK"
2025-12-15 13:29:35,223 - httpx - INFO - HTTP Request: POST https://api.telegram.org/bot7881043106:AAF_4vEr-x74mGWuYUZtwe0_NO_rRgyMnnM/getUpdates "HTTP/1.1 200 OK"
2025-12-15 13:29:35,631 - httpx - INFO - HTTP Request: POST https://api.telegram.org/bot7881043106:AAF_4vEr-x74mGWuYUZtwe0_NO_rRgyMnnM/answerCallbackQuery "HTTP/1.1 200 OK"
2025-12-15 13:29:36,063 - httpx - INFO - HTTP Request: POST https://api.telegram.org/bot7881043106:AAF_4vEr-x74mGWuYUZtwe0_NO_rRgyMnnM/editMessageText "HTTP/1.1 200 OK"
2025-12-15 13:29:36,955 - httpx - INFO - HTTP Request: POST https://api.telegram.org/bot7881043106:AAF_4vEr-x74mGWuYUZtwe0_NO_rRgyMnnM/getUpdates "HTTP/1.1 200 OK"
2025-12-15 13:29:37,443 - httpx - INFO - HTTP Request: POST https://api.telegram.org/bot7881043106:AAF_4vEr-x74mGWuYUZtwe0_NO_rRgyMnnM/answerCallbackQuery "HTTP/1.1 200 OK"
2025-12-15 13:29:37,857 - httpx - INFO - HTTP Request: POST https://api.telegram.org/bot7881043106:AAF_4vEr-x74mGWuYUZtwe0_NO_rRgyMnnM/editMessageText "HTTP/1.1 200 OK"
2025-12-15 13:29:43,765 - httpx - INFO - HTTP Request: POST https://api.telegram.org/bot7881043106:AAF_4vEr-x74mGWuYUZtwe0_NO_rRgyMnnM/getUpdates "HTTP/1.1 200 OK"
2025-12-15 13:29:44,676 - httpx - INFO - HTTP Request: POST https://api.telegram.org/bot7881043106:AAF_4vEr-x74mGWuYUZtwe0_NO_rRgyMnnM/sendMessage "HTTP/1.1 200 OK"
2025-12-15 13:29:44,903 - httpx - INFO - HTTP Request: POST https://api.telegram.org/bot7881043106:AAF_4vEr-x74mGWuYUZtwe0_NO_rRgyMnnM/getFile "HTTP/1.1 200 OK"
2025-12-15 13:29:45,386 - httpx - INFO - HTTP Request: GET https://api.telegram.org/file/bot7881043106%3AAAF_4vEr-x74mGWuYUZtwe0_NO_rRgyMnnM/photos/file_3.jpg "HTTP/1.1 200 OK"
2025-12-15 13:29:47,040 - httpx - INFO - HTTP Request: POST https://api.telegram.org/bot7881043106:AAF_4vEr-x74mGWuYUZtwe0_NO_rRgyMnnM/editMessageText "HTTP/1.1 200 OK"
2025-12-15 13:29:48,383 - httpx - INFO - HTTP Request: POST https://api.telegram.org/bot7881043106:AAF_4vEr-x74mGWuYUZtwe0_NO_rRgyMnnM/sendPhoto "HTTP/1.1 200 OK"
2025-12-15 13:29:54,012 - httpx - INFO - HTTP Request: POST https://api.telegram.org/bot7881043106:AAF_4vEr-x74mGWuYUZtwe0_NO_rRgyMnnM/getUpdates "HTTP/1.1 200 OK"
2025-12-15 13:29:59,912 - httpx - INFO - HTTP Request: POST https://api.telegram.org/bot7881043106:AAF_4vEr-x74mGWuYUZtwe0_NO_rRgyMnnM/getUpdates "HTTP/1.1 200 OK"
2025-12-15 13:30:00,792 - httpx - INFO - HTTP Request: POST https://api.telegram.org/bot7881043106:AAF_4vEr-x74mGWuYUZtwe0_NO_rRgyMnnM/sendMessage "HTTP/1.1 200 OK"
2025-12-15 13:30:03,382 - httpx - INFO - HTTP Request: POST https://api.telegram.org/bot7881043106:AAF_4vEr-x74mGWuYUZtwe0_NO_rRgyMnnM/getUpdates "HTTP/1.1 200 OK"
2025-12-15 13:30:03,798 - httpx - INFO - HTTP Request: POST https://api.telegram.org/bot7881043106:AAF_4vEr-x74mGWuYUZtwe0_NO_rRgyMnnM/answerCallbackQuery "HTTP/1.1 200 OK"
2025-12-15 13:30:04,219 - httpx - INFO - HTTP Request: POST https://api.telegram.org/bot7881043106:AAF_4vEr-x74mGWuYUZtwe0_NO_rRgyMnnM/editMessageText "HTTP/1.1 200 OK"
2025-12-15 13:30:06,506 - httpx - INFO - HTTP Request: POST https://api.telegram.org/bot7881043106:AAF_4vEr-x74mGWuYUZtwe0_NO_rRgyMnnM/getUpdates "HTTP/1.1 200 OK"
2025-12-15 13:30:06,929 - httpx - INFO - HTTP Request: POST https://api.telegram.org/bot7881043106:AAF_4vEr-x74mGWuYUZtwe0_NO_rRgyMnnM/answerCallbackQuery "HTTP/1.1 200 OK"
2025-12-15 13:30:07,343 - httpx - INFO - HTTP Request: POST https://api.telegram.org/bot7881043106:AAF_4vEr-x74mGWuYUZtwe0_NO_rRgyMnnM/editMessageText "HTTP/1.1 200 OK"
2025-12-15 13:30:12,475 - httpx - INFO - HTTP Request: POST https://api.telegram.org/bot7881043106:AAF_4vEr-x74mGWuYUZtwe0_NO_rRgyMnnM/getUpdates "HTTP/1.1 200 OK"
2025-12-15 13:30:13,463 - httpx - INFO - HTTP Request: POST https://api.telegram.org/bot7881043106:AAF_4vEr-x74mGWuYUZtwe0_NO_rRgyMnnM/sendMessage "HTTP/1.1 200 OK"
2025-12-15 13:30:13,697 - httpx - INFO - HTTP Request: POST https://api.telegram.org/bot7881043106:AAF_4vEr-x74mGWuYUZtwe0_NO_rRgyMnnM/getFile "HTTP/1.1 200 OK"
2025-12-15 13:30:14,405 - httpx - INFO - HTTP Request: GET https://api.telegram.org/file/bot7881043106%3AAAF_4vEr-x74mGWuYUZtwe0_NO_rRgyMnnM/photos/file_3.jpg "HTTP/1.1 200 OK"
2025-12-15 13:30:15,855 - httpx - INFO - HTTP Request: POST https://api.telegram.org/bot7881043106:AAF_4vEr-x74mGWuYUZtwe0_NO_rRgyMnnM/editMessageText "HTTP/1.1 200 OK"
2025-12-15 13:30:17,186 - httpx - INFO - HTTP Request: POST https://api.telegram.org/bot7881043106:AAF_4vEr-x74mGWuYUZtwe0_NO_rRgyMnnM/sendPhoto "HTTP/1.1 200 OK"
2025-12-15 13:30:22,736 - httpx - INFO - HTTP Request: POST https://api.telegram.org/bot7881043106:AAF_4vEr-x74mGWuYUZtwe0_NO_rRgyMnnM/getUpdates "HTTP/1.1 200 OK"
2025-12-15 13:30:30,555 - httpx - INFO - HTTP Request: POST https://api.telegram.org/bot7881043106:AAF_4vEr-x74mGWuYUZtwe0_NO_rRgyMnnM/getUpdates "HTTP/1.1 200 OK"
2025-12-15 13:30:31,515 - httpx - INFO - HTTP Request: POST https://api.telegram.org/bot7881043106:AAF_4vEr-x74mGWuYUZtwe0_NO_rRgyMnnM/sendMessage "HTTP/1.1 200 OK"
2025-12-15 13:30:33,895 - httpx - INFO - HTTP Request: POST https://api.telegram.org/bot7881043106:AAF_4vEr-x74mGWuYUZtwe0_NO_rRgyMnnM/getUpdates "HTTP/1.1 200 OK"
2025-12-15 13:30:34,400 - httpx - INFO - HTTP Request: POST https://api.telegram.org/bot7881043106:AAF_4vEr-x74mGWuYUZtwe0_NO_rRgyMnnM/answerCallbackQuery "HTTP/1.1 200 OK"
2025-12-15 13:30:34,861 - httpx - INFO - HTTP Request: POST https://api.telegram.org/bot7881043106:AAF_4vEr-x74mGWuYUZtwe0_NO_rRgyMnnM/editMessageText "HTTP/1.1 200 OK"
2025-12-15 13:30:35,947 - httpx - INFO - HTTP Request: POST https://api.telegram.org/bot7881043106:AAF_4vEr-x74mGWuYUZtwe0_NO_rRgyMnnM/getUpdates "HTTP/1.1 200 OK"
2025-12-15 13:30:36,401 - httpx - INFO - HTTP Request: POST https://api.telegram.org/bot7881043106:AAF_4vEr-x74mGWuYUZtwe0_NO_rRgyMnnM/answerCallbackQuery "HTTP/1.1 200 OK"
2025-12-15 13:30:36,845 - httpx - INFO - HTTP Request: POST https://api.telegram.org/bot7881043106:AAF_4vEr-x74mGWuYUZtwe0_NO_rRgyMnnM/editMessageText "HTTP/1.1 200 OK"
2025-12-15 13:30:44,697 - httpx - INFO - HTTP Request: POST https://api.telegram.org/bot7881043106:AAF_4vEr-x74mGWuYUZtwe0_NO_rRgyMnnM/getUpdates "HTTP/1.1 200 OK"
2025-12-15 13:30:45,619 - httpx - INFO - HTTP Request: POST https://api.telegram.org/bot7881043106:AAF_4vEr-x74mGWuYUZtwe0_NO_rRgyMnnM/sendMessage "HTTP/1.1 200 OK"
2025-12-15 13:30:45,844 - httpx - INFO - HTTP Request: POST https://api.telegram.org/bot7881043106:AAF_4vEr-x74mGWuYUZtwe0_NO_rRgyMnnM/getFile "HTTP/1.1 200 OK"
2025-12-15 13:30:46,319 - httpx - INFO - HTTP Request: GET https://api.telegram.org/file/bot7881043106%3AAAF_4vEr-x74mGWuYUZtwe0_NO_rRgyMnnM/photos/file_3.jpg "HTTP/1.1 200 OK"
2025-12-15 13:30:47,260 - httpx - INFO - HTTP Request: POST https://api.telegram.org/bot7881043106:AAF_4vEr-x74mGWuYUZtwe0_NO_rRgyMnnM/editMessageText "HTTP/1.1 200 OK"
2025-12-15 13:30:47,919 - httpx - INFO - HTTP Request: POST https://api.telegram.org/bot7881043106:AAF_4vEr-x74mGWuYUZtwe0_NO_rRgyMnnM/sendPhoto "HTTP/1.1 200 OK"
2025-12-15 13:30:54,926 - httpx - INFO - HTTP Request: POST https://api.telegram.org/bot7881043106:AAF_4vEr-x74mGWuYUZtwe0_NO_rRgyMnnM/getUpdates "HTTP/1.1 200 OK"
2025-12-15 13:31:05,165 - httpx - INFO - HTTP Request: POST https://api.telegram.org/bot7881043106:AAF_4vEr-x74mGWuYUZtwe0_NO_rRgyMnnM/getUpdates "HTTP/1.1 200 OK"
2025-12-15 13:31:15,387 - httpx - INFO - HTTP Request: POST https://api.telegram.org/bot7881043106:AAF_4vEr-x74mGWuYUZtwe0_NO_rRgyMnnM/getUpdates "HTTP/1.1 200 OK"
2025-12-15 13:31:25,644 - httpx - INFO - HTTP Request: POST https://api.telegram.org/bot7881043106:AAF_4vEr-x74mGWuYUZtwe0_NO_rRgyMnnM/getUpdates "HTTP/1.1 200 OK"
2025-12-15 13:31:35,904 - httpx - INFO - HTTP Request: POST https://api.telegram.org/bot7881043106:AAF_4vEr-x74mGWuYUZtwe0_NO_rRgyMnnM/getUpdates "HTTP/1.1 200 OK"
2025-12-15 13:31:46,135 - httpx - INFO - HTTP Request: POST https://api.telegram.org/bot7881043106:AAF_4vEr-x74mGWuYUZtwe0_NO_rRgyMnnM/getUpdates "HTTP/1.1 200 OK"
2025-12-15 13:31:56,379 - httpx - INFO - HTTP Request: POST https://api.telegram.org/bot7881043106:AAF_4vEr-x74mGWuYUZtwe0_NO_rRgyMnnM/getUpdates "HTTP/1.1 200 OK"
2025-12-15 13:32:06,605 - httpx - INFO - HTTP Request: POST https://api.telegram.org/bot7881043106:AAF_4vEr-x74mGWuYUZtwe0_NO_rRgyMnnM/getUpdates "HTTP/1.1 200 OK"
2025-12-15 13:32:16,887 - httpx - INFO - HTTP Request: POST https://api.telegram.org/bot7881043106:AAF_4vEr-x74mGWuYUZtwe0_NO_rRgyMnnM/getUpdates "HTTP/1.1 200 OK"
2025-12-15 13:32:23,534 - httpx - INFO - HTTP Request: POST https://api.telegram.org/bot7881043106:AAF_4vEr-x74mGWuYUZtwe0_NO_rRgyMnnM/getUpdates "HTTP/1.1 200 OK"
2025-12-15 13:32:24,423 - httpx - INFO - HTTP Request: POST https://api.telegram.org/bot7881043106:AAF_4vEr-x74mGWuYUZtwe0_NO_rRgyMnnM/sendMessage "HTTP/1.1 200 OK"
2025-12-15 13:32:24,678 - httpx - INFO - HTTP Request: POST https://api.telegram.org/bot7881043106:AAF_4vEr-x74mGWuYUZtwe0_NO_rRgyMnnM/getFile "HTTP/1.1 200 OK"
2025-12-15 13:32:24,913 - httpx - INFO - HTTP Request: GET https://api.telegram.org/file/bot7881043106%3AAAF_4vEr-x74mGWuYUZtwe0_NO_rRgyMnnM/photos/file_1.jpg "HTTP/1.1 200 OK"
2025-12-15 13:32:28,888 - httpx - INFO - HTTP Request: POST https://api.telegram.org/bot7881043106:AAF_4vEr-x74mGWuYUZtwe0_NO_rRgyMnnM/editMessageText "HTTP/1.1 200 OK"
2025-12-15 13:32:30,107 - httpx - INFO - HTTP Request: POST https://api.telegram.org/bot7881043106:AAF_4vEr-x74mGWuYUZtwe0_NO_rRgyMnnM/sendPhoto "HTTP/1.1 200 OK"
2025-12-15 13:32:33,788 - httpx - INFO - HTTP Request: POST https://api.telegram.org/bot7881043106:AAF_4vEr-x74mGWuYUZtwe0_NO_rRgyMnnM/getUpdates "HTTP/1.1 200 OK"
2025-12-15 13:32:44,035 - httpx - INFO - HTTP Request: POST https://api.telegram.org/bot7881043106:AAF_4vEr-x74mGWuYUZtwe0_NO_rRgyMnnM/getUpdates "HTTP/1.1 200 OK"
2025-12-15 13:32:54,270 - httpx - INFO - HTTP Request: POST https://api.telegram.org/bot7881043106:AAF_4vEr-x74mGWuYUZtwe0_NO_rRgyMnnM/getUpdates "HTTP/1.1 200 OK"
2025-12-15 13:33:04,542 - httpx - INFO - HTTP Request: POST https://api.telegram.org/bot7881043106:AAF_4vEr-x74mGWuYUZtwe0_NO_rRgyMnnM/getUpdates "HTTP/1.1 200 OK"
2025-12-15 13:33:14,777 - httpx - INFO - HTTP Request: POST https://api.telegram.org/bot7881043106:AAF_4vEr-x74mGWuYUZtwe0_NO_rRgyMnnM/getUpdates "HTTP/1.1 200 OK"
2025-12-15 13:33:25,041 - httpx - INFO - HTTP Request: POST https://api.telegram.org/bot7881043106:AAF_4vEr-x74mGWuYUZtwe0_NO_rRgyMnnM/getUpdates "HTTP/1.1 200 OK"
2025-12-15 13:33:35,275 - httpx - INFO - HTTP Request: POST https://api.telegram.org/bot7881043106:AAF_4vEr-x74mGWuYUZtwe0_NO_rRgyMnnM/getUpdates "HTTP/1.1 200 OK"
2025-12-15 13:33:45,505 - httpx - INFO - HTTP Request: POST https://api.telegram.org/bot7881043106:AAF_4vEr-x74mGWuYUZtwe0_NO_rRgyMnnM/getUpdates "HTTP/1.1 200 OK"
2025-12-15 13:33:55,761 - httpx - INFO - HTTP Request: POST https://api.telegram.org/bot7881043106:AAF_4vEr-x74mGWuYUZtwe0_NO_rRgyMnnM/getUpdates "HTTP/1.1 200 OK"
2025-12-15 13:34:06,118 - httpx - INFO - HTTP Request: POST https://api.telegram.org/bot7881043106:AAF_4vEr-x74mGWuYUZtwe0_NO_rRgyMnnM/getUpdates "HTTP/1.1 200 OK"
2025-12-15 13:34:16,376 - httpx - INFO - HTTP Request: POST https://api.telegram.org/bot7881043106:AAF_4vEr-x74mGWuYUZtwe0_NO_rRgyMnnM/getUpdates "HTTP/1.1 200 OK"
2025-12-15 13:34:26,618 - httpx - INFO - HTTP Request: POST https://api.telegram.org/bot7881043106:AAF_4vEr-x74mGWuYUZtwe0_NO_rRgyMnnM/getUpdates "HTTP/1.1 200 OK"
2025-12-15 13:34:37,429 - httpx - INFO - HTTP Request: POST https://api.telegram.org/bot7881043106:AAF_4vEr-x74mGWuYUZtwe0_NO_rRgyMnnM/getUpdates "HTTP/1.1 200 OK"
2025-12-15 13:34:38,982 - httpx - INFO - HTTP Request: POST https://api.telegram.org/bot7881043106:AAF_4vEr-x74mGWuYUZtwe0_NO_rRgyMnnM/getUpdates "HTTP/1.1 200 OK"
2025-12-15 13:34:39,883 - httpx - INFO - HTTP Request: POST https://api.telegram.org/bot7881043106:AAF_4vEr-x74mGWuYUZtwe0_NO_rRgyMnnM/sendMessage "HTTP/1.1 200 OK"
2025-12-15 13:34:42,032 - httpx - INFO - HTTP Request: POST https://api.telegram.org/bot7881043106:AAF_4vEr-x74mGWuYUZtwe0_NO_rRgyMnnM/getUpdates "HTTP/1.1 200 OK"
2025-12-15 13:34:42,449 - httpx - INFO - HTTP Request: POST https://api.telegram.org/bot7881043106:AAF_4vEr-x74mGWuYUZtwe0_NO_rRgyMnnM/answerCallbackQuery "HTTP/1.1 200 OK"
2025-12-15 13:34:42,866 - httpx - INFO - HTTP Request: POST https://api.telegram.org/bot7881043106:AAF_4vEr-x74mGWuYUZtwe0_NO_rRgyMnnM/editMessageText "HTTP/1.1 200 OK"
2025-12-15 13:34:45,094 - httpx - INFO - HTTP Request: POST https://api.telegram.org/bot7881043106:AAF_4vEr-x74mGWuYUZtwe0_NO_rRgyMnnM/getUpdates "HTTP/1.1 200 OK"
2025-12-15 13:34:45,577 - httpx - INFO - HTTP Request: POST https://api.telegram.org/bot7881043106:AAF_4vEr-x74mGWuYUZtwe0_NO_rRgyMnnM/sendMessage "HTTP/1.1 200 OK"
2025-12-15 13:34:46,754 - httpx - INFO - HTTP Request: POST https://api.telegram.org/bot7881043106:AAF_4vEr-x74mGWuYUZtwe0_NO_rRgyMnnM/getUpdates "HTTP/1.1 200 OK"
2025-12-15 13:34:47,161 - httpx - INFO - HTTP Request: POST https://api.telegram.org/bot7881043106:AAF_4vEr-x74mGWuYUZtwe0_NO_rRgyMnnM/answerCallbackQuery "HTTP/1.1 200 OK"
2025-12-15 13:34:47,583 - httpx - INFO - HTTP Request: POST https://api.telegram.org/bot7881043106:AAF_4vEr-x74mGWuYUZtwe0_NO_rRgyMnnM/editMessageText "HTTP/1.1 200 OK"
2025-12-15 13:34:52,839 - httpx - INFO - HTTP Request: POST https://api.telegram.org/bot7881043106:AAF_4vEr-x74mGWuYUZtwe0_NO_rRgyMnnM/getUpdates "HTTP/1.1 200 OK"
2025-12-15 13:34:53,801 - httpx - INFO - HTTP Request: POST https://api.telegram.org/bot7881043106:AAF_4vEr-x74mGWuYUZtwe0_NO_rRgyMnnM/sendMessage "HTTP/1.1 200 OK"
2025-12-15 13:34:55,892 - httpx - INFO - HTTP Request: POST https://api.telegram.org/bot7881043106:AAF_4vEr-x74mGWuYUZtwe0_NO_rRgyMnnM/getUpdates "HTTP/1.1 200 OK"
2025-12-15 13:34:56,303 - httpx - INFO - HTTP Request: POST https://api.telegram.org/bot7881043106:AAF_4vEr-x74mGWuYUZtwe0_NO_rRgyMnnM/answerCallbackQuery "HTTP/1.1 200 OK"
2025-12-15 13:34:56,749 - httpx - INFO - HTTP Request: POST https://api.telegram.org/bot7881043106:AAF_4vEr-x74mGWuYUZtwe0_NO_rRgyMnnM/editMessageText "HTTP/1.1 200 OK"
2025-12-15 13:34:58,834 - httpx - INFO - HTTP Request: POST https://api.telegram.org/bot7881043106:AAF_4vEr-x74mGWuYUZtwe0_NO_rRgyMnnM/getUpdates "HTTP/1.1 200 OK"
2025-12-15 13:34:59,231 - httpx - INFO - HTTP Request: POST https://api.telegram.org/bot7881043106:AAF_4vEr-x74mGWuYUZtwe0_NO_rRgyMnnM/answerCallbackQuery "HTTP/1.1 200 OK"
2025-12-15 13:34:59,649 - httpx - INFO - HTTP Request: POST https://api.telegram.org/bot7881043106:AAF_4vEr-x74mGWuYUZtwe0_NO_rRgyMnnM/editMessageText "HTTP/1.1 200 OK"
2025-12-15 13:35:09,074 - httpx - INFO - HTTP Request: POST https://api.telegram.org/bot7881043106:AAF_4vEr-x74mGWuYUZtwe0_NO_rRgyMnnM/getUpdates "HTTP/1.1 200 OK"
2025-12-15 13:35:19,291 - httpx - INFO - HTTP Request: POST https://api.telegram.org/bot7881043106:AAF_4vEr-x74mGWuYUZtwe0_NO_rRgyMnnM/getUpdates "HTTP/1.1 200 OK"
2025-12-15 13:35:29,523 - httpx - INFO - HTTP Request: POST https://api.telegram.org/bot7881043106:AAF_4vEr-x74mGWuYUZtwe0_NO_rRgyMnnM/getUpdates "HTTP/1.1 200 OK"
2025-12-15 13:35:39,751 - httpx - INFO - HTTP Request: POST https://api.telegram.org/bot7881043106:AAF_4vEr-x74mGWuYUZtwe0_NO_rRgyMnnM/getUpdates "HTTP/1.1 200 OK"
2025-12-15 13:35:50,023 - httpx - INFO - HTTP Request: POST https://api.telegram.org/bot7881043106:AAF_4vEr-x74mGWuYUZtwe0_NO_rRgyMnnM/getUpdates "HTTP/1.1 200 OK"
2025-12-15 13:36:00,243 - httpx - INFO - HTTP Request: POST https://api.telegram.org/bot7881043106:AAF_4vEr-x74mGWuYUZtwe0_NO_rRgyMnnM/getUpdates "HTTP/1.1 200 OK"
2025-12-15 13:36:10,944 - httpx - INFO - HTTP Request: POST https://api.telegram.org/bot7881043106:AAF_4vEr-x74mGWuYUZtwe0_NO_rRgyMnnM/getUpdates "HTTP/1.1 200 OK"
2025-12-15 13:36:21,192 - httpx - INFO - HTTP Request: POST https://api.telegram.org/bot7881043106:AAF_4vEr-x74mGWuYUZtwe0_NO_rRgyMnnM/getUpdates "HTTP/1.1 200 OK"
2025-12-15 13:36:31,426 - httpx - INFO - HTTP Request: POST https://api.telegram.org/bot7881043106:AAF_4vEr-x74mGWuYUZtwe0_NO_rRgyMnnM/getUpdates "HTTP/1.1 200 OK"
2025-12-15 13:36:41,680 - httpx - INFO - HTTP Request: POST https://api.telegram.org/bot7881043106:AAF_4vEr-x74mGWuYUZtwe0_NO_rRgyMnnM/getUpdates "HTTP/1.1 200 OK"
2025-12-15 13:36:51,898 - httpx - INFO - HTTP Request: POST https://api.telegram.org/bot7881043106:AAF_4vEr-x74mGWuYUZtwe0_NO_rRgyMnnM/getUpdates "HTTP/1.1 200 OK"
2025-12-15 13:37:02,127 - httpx - INFO - HTTP Request: POST https://api.telegram.org/bot7881043106:AAF_4vEr-x74mGWuYUZtwe0_NO_rRgyMnnM/getUpdates "HTTP/1.1 200 OK"
2025-12-15 13:37:12,341 - httpx - INFO - HTTP Request: POST https://api.telegram.org/bot7881043106:AAF_4vEr-x74mGWuYUZtwe0_NO_rRgyMnnM/getUpdates "HTTP/1.1 200 OK"
2025-12-15 13:37:22,563 - httpx - INFO - HTTP Request: POST https://api.telegram.org/bot7881043106:AAF_4vEr-x74mGWuYUZtwe0_NO_rRgyMnnM/getUpdates "HTTP/1.1 200 OK"
2025-12-15 13:37:32,824 - httpx - INFO - HTTP Request: POST https://api.telegram.org/bot7881043106:AAF_4vEr-x74mGWuYUZtwe0_NO_rRgyMnnM/getUpdates "HTTP/1.1 200 OK"
2025-12-15 13:37:43,045 - httpx - INFO - HTTP Request: POST https://api.telegram.org/bot7881043106:AAF_4vEr-x74mGWuYUZtwe0_NO_rRgyMnnM/getUpdates "HTTP/1.1 200 OK"
2025-12-15 13:37:53,291 - httpx - INFO - HTTP Request: POST https://api.telegram.org/bot7881043106:AAF_4vEr-x74mGWuYUZtwe0_NO_rRgyMnnM/getUpdates "HTTP/1.1 200 OK"
2025-12-15 13:38:03,510 - httpx - INFO - HTTP Request: POST https://api.telegram.org/bot7881043106:AAF_4vEr-x74mGWuYUZtwe0_NO_rRgyMnnM/getUpdates "HTTP/1.1 200 OK"
2025-12-15 13:38:13,742 - httpx - INFO - HTTP Request: POST https://api.telegram.org/bot7881043106:AAF_4vEr-x74mGWuYUZtwe0_NO_rRgyMnnM/getUpdates "HTTP/1.1 200 OK"
2025-12-15 13:38:23,956 - httpx - INFO - HTTP Request: POST https://api.telegram.org/bot7881043106:AAF_4vEr-x74mGWuYUZtwe0_NO_rRgyMnnM/getUpdates "HTTP/1.1 200 OK"
2025-12-15 13:38:34,278 - httpx - INFO - HTTP Request: POST https://api.telegram.org/bot7881043106:AAF_4vEr-x74mGWuYUZtwe0_NO_rRgyMnnM/getUpdates "HTTP/1.1 200 OK"
2025-12-15 13:38:44,508 - httpx - INFO - HTTP Request: POST https://api.telegram.org/bot7881043106:AAF_4vEr-x74mGWuYUZtwe0_NO_rRgyMnnM/getUpdates "HTTP/1.1 200 OK"
2025-12-15 13:38:54,738 - httpx - INFO - HTTP Request: POST https://api.telegram.org/bot7881043106:AAF_4vEr-x74mGWuYUZtwe0_NO_rRgyMnnM/getUpdates "HTTP/1.1 200 OK"
2025-12-15 13:39:04,987 - httpx - INFO - HTTP Request: POST https://api.telegram.org/bot7881043106:AAF_4vEr-x74mGWuYUZtwe0_NO_rRgyMnnM/getUpdates "HTTP/1.1 200 OK"
2025-12-15 13:39:15,225 - httpx - INFO - HTTP Request: POST https://api.telegram.org/bot7881043106:AAF_4vEr-x74mGWuYUZtwe0_NO_rRgyMnnM/getUpdates "HTTP/1.1 200 OK"
2025-12-15 13:39:25,449 - httpx - INFO - HTTP Request: POST https://api.telegram.org/bot7881043106:AAF_4vEr-x74mGWuYUZtwe0_NO_rRgyMnnM/getUpdates "HTTP/1.1 200 OK"
2025-12-15 13:39:35,674 - httpx - INFO - HTTP Request: POST https://api.telegram.org/bot7881043106:AAF_4vEr-x74mGWuYUZtwe0_NO_rRgyMnnM/getUpdates "HTTP/1.1 200 OK"
2025-12-15 13:39:45,909 - httpx - INFO - HTTP Request: POST https://api.telegram.org/bot7881043106:AAF_4vEr-x74mGWuYUZtwe0_NO_rRgyMnnM/getUpdates "HTTP/1.1 200 OK"
2025-12-15 13:39:56,121 - httpx - INFO - HTTP Request: POST https://api.telegram.org/bot7881043106:AAF_4vEr-x74mGWuYUZtwe0_NO_rRgyMnnM/getUpdates "HTTP/1.1 200 OK"
2025-12-15 13:40:06,369 - httpx - INFO - HTTP Request: POST https://api.telegram.org/bot7881043106:AAF_4vEr-x74mGWuYUZtwe0_NO_rRgyMnnM/getUpdates "HTTP/1.1 200 OK"
2025-12-15 13:40:16,625 - httpx - INFO - HTTP Request: POST https://api.telegram.org/bot7881043106:AAF_4vEr-x74mGWuYUZtwe0_NO_rRgyMnnM/getUpdates "HTTP/1.1 200 OK"
2025-12-15 13:40:26,887 - httpx - INFO - HTTP Request: POST https://api.telegram.org/bot7881043106:AAF_4vEr-x74mGWuYUZtwe0_NO_rRgyMnnM/getUpdates "HTTP/1.1 200 OK"
2025-12-15 13:40:37,148 - httpx - INFO - HTTP Request: POST https://api.telegram.org/bot7881043106:AAF_4vEr-x74mGWuYUZtwe0_NO_rRgyMnnM/getUpdates "HTTP/1.1 200 OK"
2025-12-15 13:40:47,370 - httpx - INFO - HTTP Request: POST https://api.telegram.org/bot7881043106:AAF_4vEr-x74mGWuYUZtwe0_NO_rRgyMnnM/getUpdates "HTTP/1.1 200 OK"
2025-12-15 13:40:57,591 - httpx - INFO - HTTP Request: POST https://api.telegram.org/bot7881043106:AAF_4vEr-x74mGWuYUZtwe0_NO_rRgyMnnM/getUpdates "HTTP/1.1 200 OK"
2025-12-15 13:41:07,820 - httpx - INFO - HTTP Request: POST https://api.telegram.org/bot7881043106:AAF_4vEr-x74mGWuYUZtwe0_NO_rRgyMnnM/getUpdates "HTTP/1.1 200 OK"
2025-12-15 13:41:18,045 - httpx - INFO - HTTP Request: POST https://api.telegram.org/bot7881043106:AAF_4vEr-x74mGWuYUZtwe0_NO_rRgyMnnM/getUpdates "HTTP/1.1 200 OK"
2025-12-15 13:41:28,269 - httpx - INFO - HTTP Request: POST https://api.telegram.org/bot7881043106:AAF_4vEr-x74mGWuYUZtwe0_NO_rRgyMnnM/getUpdates "HTTP/1.1 200 OK"
2025-12-15 13:41:38,493 - httpx - INFO - HTTP Request: POST https://api.telegram.org/bot7881043106:AAF_4vEr-x74mGWuYUZtwe0_NO_rRgyMnnM/getUpdates "HTTP/1.1 200 OK"
2025-12-15 13:41:48,735 - httpx - INFO - HTTP Request: POST https://api.telegram.org/bot7881043106:AAF_4vEr-x74mGWuYUZtwe0_NO_rRgyMnnM/getUpdates "HTTP/1.1 200 OK"
2025-12-15 13:41:58,990 - httpx - INFO - HTTP Request: POST https://api.telegram.org/bot7881043106:AAF_4vEr-x74mGWuYUZtwe0_NO_rRgyMnnM/getUpdates "HTTP/1.1 200 OK"
2025-12-15 13:42:09,211 - httpx - INFO - HTTP Request: POST https://api.telegram.org/bot7881043106:AAF_4vEr-x74mGWuYUZtwe0_NO_rRgyMnnM/getUpdates "HTTP/1.1 200 OK"
2025-12-15 13:42:19,447 - httpx - INFO - HTTP Request: POST https://api.telegram.org/bot7881043106:AAF_4vEr-x74mGWuYUZtwe0_NO_rRgyMnnM/getUpdates "HTTP/1.1 200 OK"
2025-12-15 13:42:29,698 - httpx - INFO - HTTP Request: POST https://api.telegram.org/bot7881043106:AAF_4vEr-x74mGWuYUZtwe0_NO_rRgyMnnM/getUpdates "HTTP/1.1 200 OK"
2025-12-15 13:42:39,933 - httpx - INFO - HTTP Request: POST https://api.telegram.org/bot7881043106:AAF_4vEr-x74mGWuYUZtwe0_NO_rRgyMnnM/getUpdates "HTTP/1.1 200 OK"
2025-12-15 13:42:50,156 - httpx - INFO - HTTP Request: POST https://api.telegram.org/bot7881043106:AAF_4vEr-x74mGWuYUZtwe0_NO_rRgyMnnM/getUpdates "HTTP/1.1 200 OK"
2025-12-15 13:43:00,382 - httpx - INFO - HTTP Request: POST https://api.telegram.org/bot7881043106:AAF_4vEr-x74mGWuYUZtwe0_NO_rRgyMnnM/getUpdates "HTTP/1.1 200 OK"
2025-12-15 13:43:10,613 - httpx - INFO - HTTP Request: POST https://api.telegram.org/bot7881043106:AAF_4vEr-x74mGWuYUZtwe0_NO_rRgyMnnM/getUpdates "HTTP/1.1 200 OK"
2025-12-15 13:43:20,839 - httpx - INFO - HTTP Request: POST https://api.telegram.org/bot7881043106:AAF_4vEr-x74mGWuYUZtwe0_NO_rRgyMnnM/getUpdates "HTTP/1.1 200 OK"
2025-12-15 13:43:31,077 - httpx - INFO - HTTP Request: POST https://api.telegram.org/bot7881043106:AAF_4vEr-x74mGWuYUZtwe0_NO_rRgyMnnM/getUpdates "HTTP/1.1 200 OK"
2025-12-15 13:43:41,301 - httpx - INFO - HTTP Request: POST https://api.telegram.org/bot7881043106:AAF_4vEr-x74mGWuYUZtwe0_NO_rRgyMnnM/getUpdates "HTTP/1.1 200 OK"
2025-12-15 13:43:51,522 - httpx - INFO - HTTP Request: POST https://api.telegram.org/bot7881043106:AAF_4vEr-x74mGWuYUZtwe0_NO_rRgyMnnM/getUpdates "HTTP/1.1 200 OK"
2025-12-15 13:44:01,813 - httpx - INFO - HTTP Request: POST https://api.telegram.org/bot7881043106:AAF_4vEr-x74mGWuYUZtwe0_NO_rRgyMnnM/getUpdates "HTTP/1.1 200 OK"
2025-12-15 13:44:12,037 - httpx - INFO - HTTP Request: POST https://api.telegram.org/bot7881043106:AAF_4vEr-x74mGWuYUZtwe0_NO_rRgyMnnM/getUpdates "HTTP/1.1 200 OK"
2025-12-15 13:44:22,255 - httpx - INFO - HTTP Request: POST https://api.telegram.org/bot7881043106:AAF_4vEr-x74mGWuYUZtwe0_NO_rRgyMnnM/getUpdates "HTTP/1.1 200 OK"
2025-12-15 13:44:32,480 - httpx - INFO - HTTP Request: POST https://api.telegram.org/bot7881043106:AAF_4vEr-x74mGWuYUZtwe0_NO_rRgyMnnM/getUpdates "HTTP/1.1 200 OK"
2025-12-15 13:44:42,695 - httpx - INFO - HTTP Request: POST https://api.telegram.org/bot7881043106:AAF_4vEr-x74mGWuYUZtwe0_NO_rRgyMnnM/getUpdates "HTTP/1.1 200 OK"
2025-12-15 13:44:52,937 - httpx - INFO - HTTP Request: POST https://api.telegram.org/bot7881043106:AAF_4vEr-x74mGWuYUZtwe0_NO_rRgyMnnM/getUpdates "HTTP/1.1 200 OK"
2025-12-15 13:45:00,561 - httpx - INFO - HTTP Request: POST https://api.telegram.org/bot7881043106:AAF_4vEr-x74mGWuYUZtwe0_NO_rRgyMnnM/getUpdates "HTTP/1.1 200 OK"
2025-12-15 13:45:02,234 - httpx - INFO - HTTP Request: POST https://api.telegram.org/bot7881043106:AAF_4vEr-x74mGWuYUZtwe0_NO_rRgyMnnM/sendMessage "HTTP/1.1 200 OK"
2025-12-15 13:45:10,790 - httpx - INFO - HTTP Request: POST https://api.telegram.org/bot7881043106:AAF_4vEr-x74mGWuYUZtwe0_NO_rRgyMnnM/getUpdates "HTTP/1.1 200 OK"
2025-12-15 13:45:21,013 - httpx - INFO - HTTP Request: POST https://api.telegram.org/bot7881043106:AAF_4vEr-x74mGWuYUZtwe0_NO_rRgyMnnM/getUpdates "HTTP/1.1 200 OK"
2025-12-15 13:45:31,230 - httpx - INFO - HTTP Request: POST https://api.telegram.org/bot7881043106:AAF_4vEr-x74mGWuYUZtwe0_NO_rRgyMnnM/getUpdates "HTTP/1.1 200 OK"
2025-12-15 13:45:41,466 - httpx - INFO - HTTP Request: POST https://api.telegram.org/bot7881043106:AAF_4vEr-x74mGWuYUZtwe0_NO_rRgyMnnM/getUpdates "HTTP/1.1 200 OK"
2025-12-15 13:45:51,722 - httpx - INFO - HTTP Request: POST https://api.telegram.org/bot7881043106:AAF_4vEr-x74mGWuYUZtwe0_NO_rRgyMnnM/getUpdates "HTTP/1.1 200 OK"
2025-12-15 13:46:01,975 - httpx - INFO - HTTP Request: POST https://api.telegram.org/bot7881043106:AAF_4vEr-x74mGWuYUZtwe0_NO_rRgyMnnM/getUpdates "HTTP/1.1 200 OK"
2025-12-15 13:46:12,200 - httpx - INFO - HTTP Request: POST https://api.telegram.org/bot7881043106:AAF_4vEr-x74mGWuYUZtwe0_NO_rRgyMnnM/getUpdates "HTTP/1.1 200 OK"
2025-12-15 13:46:22,434 - httpx - INFO - HTTP Request: POST https://api.telegram.org/bot7881043106:AAF_4vEr-x74mGWuYUZtwe0_NO_rRgyMnnM/getUpdates "HTTP/1.1 200 OK"
2025-12-15 13:46:32,669 - httpx - INFO - HTTP Request: POST https://api.telegram.org/bot7881043106:AAF_4vEr-x74mGWuYUZtwe0_NO_rRgyMnnM/getUpdates "HTTP/1.1 200 OK"
2025-12-15 13:46:42,888 - httpx - INFO - HTTP Request: POST https://api.telegram.org/bot7881043106:AAF_4vEr-x74mGWuYUZtwe0_NO_rRgyMnnM/getUpdates "HTTP/1.1 200 OK"
2025-12-15 13:46:53,126 - httpx - INFO - HTTP Request: POST https://api.telegram.org/bot7881043106:AAF_4vEr-x74mGWuYUZtwe0_NO_rRgyMnnM/getUpdates "HTTP/1.1 200 OK"
2025-12-15 13:47:03,354 - httpx - INFO - HTTP Request: POST https://api.telegram.org/bot7881043106:AAF_4vEr-x74mGWuYUZtwe0_NO_rRgyMnnM/getUpdates "HTTP/1.1 200 OK"
2025-12-15 13:47:13,582 - httpx - INFO - HTTP Request: POST https://api.telegram.org/bot7881043106:AAF_4vEr-x74mGWuYUZtwe0_NO_rRgyMnnM/getUpdates "HTTP/1.1 200 OK"
2025-12-15 13:47:23,833 - httpx - INFO - HTTP Request: POST https://api.telegram.org/bot7881043106:AAF_4vEr-x74mGWuYUZtwe0_NO_rRgyMnnM/getUpdates "HTTP/1.1 200 OK"
2025-12-15 13:47:34,050 - httpx - INFO - HTTP Request: POST https://api.telegram.org/bot7881043106:AAF_4vEr-x74mGWuYUZtwe0_NO_rRgyMnnM/getUpdates "HTTP/1.1 200 OK"
2025-12-15 13:47:44,277 - httpx - INFO - HTTP Request: POST https://api.telegram.org/bot7881043106:AAF_4vEr-x74mGWuYUZtwe0_NO_rRgyMnnM/getUpdates "HTTP/1.1 200 OK"
2025-12-15 13:47:54,516 - httpx - INFO - HTTP Request: POST https://api.telegram.org/bot7881043106:AAF_4vEr-x74mGWuYUZtwe0_NO_rRgyMnnM/getUpdates "HTTP/1.1 200 OK"
2025-12-15 13:48:04,748 - httpx - INFO - HTTP Request: POST https://api.telegram.org/bot7881043106:AAF_4vEr-x74mGWuYUZtwe0_NO_rRgyMnnM/getUpdates "HTTP/1.1 200 OK"
2025-12-15 13:48:15,015 - httpx - INFO - HTTP Request: POST https://api.telegram.org/bot7881043106:AAF_4vEr-x74mGWuYUZtwe0_NO_rRgyMnnM/getUpdates "HTTP/1.1 200 OK"
2025-12-15 13:48:25,329 - httpx - INFO - HTTP Request: POST https://api.telegram.org/bot7881043106:AAF_4vEr-x74mGWuYUZtwe0_NO_rRgyMnnM/getUpdates "HTTP/1.1 200 OK"
2025-12-15 13:48:35,680 - httpx - INFO - HTTP Request: POST https://api.telegram.org/bot7881043106:AAF_4vEr-x74mGWuYUZtwe0_NO_rRgyMnnM/getUpdates "HTTP/1.1 200 OK"
2025-12-15 13:48:45,902 - httpx - INFO - HTTP Request: POST https://api.telegram.org/bot7881043106:AAF_4vEr-x74mGWuYUZtwe0_NO_rRgyMnnM/getUpdates "HTTP/1.1 200 OK"
2025-12-15 13:48:56,142 - httpx - INFO - HTTP Request: POST https://api.telegram.org/bot7881043106:AAF_4vEr-x74mGWuYUZtwe0_NO_rRgyMnnM/getUpdates "HTTP/1.1 200 OK"
2025-12-15 13:49:06,385 - httpx - INFO - HTTP Request: POST https://api.telegram.org/bot7881043106:AAF_4vEr-x74mGWuYUZtwe0_NO_rRgyMnnM/getUpdates "HTTP/1.1 200 OK"
2025-12-15 13:49:16,625 - httpx - INFO - HTTP Request: POST https://api.telegram.org/bot7881043106:AAF_4vEr-x74mGWuYUZtwe0_NO_rRgyMnnM/getUpdates "HTTP/1.1 200 OK"
2025-12-15 13:49:26,862 - httpx - INFO - HTTP Request: POST https://api.telegram.org/bot7881043106:AAF_4vEr-x74mGWuYUZtwe0_NO_rRgyMnnM/getUpdates "HTTP/1.1 200 OK"
2025-12-15 13:49:37,082 - httpx - INFO - HTTP Request: POST https://api.telegram.org/bot7881043106:AAF_4vEr-x74mGWuYUZtwe0_NO_rRgyMnnM/getUpdates "HTTP/1.1 200 OK"
2025-12-15 13:49:47,380 - httpx - INFO - HTTP Request: POST https://api.telegram.org/bot7881043106:AAF_4vEr-x74mGWuYUZtwe0_NO_rRgyMnnM/getUpdates "HTTP/1.1 200 OK"
2025-12-15 13:49:57,639 - httpx - INFO - HTTP Request: POST https://api.telegram.org/bot7881043106:AAF_4vEr-x74mGWuYUZtwe0_NO_rRgyMnnM/getUpdates "HTTP/1.1 200 OK"
2025-12-15 13:50:07,866 - httpx - INFO - HTTP Request: POST https://api.telegram.org/bot7881043106:AAF_4vEr-x74mGWuYUZtwe0_NO_rRgyMnnM/getUpdates "HTTP/1.1 200 OK"
2025-12-15 13:50:18,089 - httpx - INFO - HTTP Request: POST https://api.telegram.org/bot7881043106:AAF_4vEr-x74mGWuYUZtwe0_NO_rRgyMnnM/getUpdates "HTTP/1.1 200 OK"
2025-12-15 13:50:22,037 - httpx - INFO - HTTP Request: POST https://api.telegram.org/bot7881043106:AAF_4vEr-x74mGWuYUZtwe0_NO_rRgyMnnM/getUpdates "HTTP/1.1 200 OK"
2025-12-15 13:50:22,041 - telegram.ext.Application - INFO - Application is stopping. This might take a moment.
2025-12-15 13:50:22,043 - apscheduler.scheduler - INFO - Scheduler has been shut down
2025-12-15 13:50:22,044 - telegram.ext.Application - INFO - Application.stop() complete
2025-12-15 13:50:47,196 - httpx - INFO - HTTP Request: POST https://api.telegram.org/bot7881043106:AAF_4vEr-x74mGWuYUZtwe0_NO_rRgyMnnM/getMe "HTTP/1.1 200 OK"
2025-12-15 13:50:47,433 - httpx - INFO - HTTP Request: POST https://api.telegram.org/bot7881043106:AAF_4vEr-x74mGWuYUZtwe0_NO_rRgyMnnM/deleteWebhook "HTTP/1.1 200 OK"
2025-12-15 13:50:47,435 - apscheduler.scheduler - INFO - Scheduler started
2025-12-15 13:50:47,436 - telegram.ext.Application - INFO - Application started
2025-12-15 13:50:54,638 - httpx - INFO - HTTP Request: POST https://api.telegram.org/bot7881043106:AAF_4vEr-x74mGWuYUZtwe0_NO_rRgyMnnM/getUpdates "HTTP/1.1 200 OK"
2025-12-15 13:50:55,555 - httpx - INFO - HTTP Request: POST https://api.telegram.org/bot7881043106:AAF_4vEr-x74mGWuYUZtwe0_NO_rRgyMnnM/sendMessage "HTTP/1.1 200 OK"
2025-12-15 13:51:04,903 - httpx - INFO - HTTP Request: POST https://api.telegram.org/bot7881043106:AAF_4vEr-x74mGWuYUZtwe0_NO_rRgyMnnM/getUpdates "HTTP/1.1 200 OK"
2025-12-15 13:51:07,786 - httpx - INFO - HTTP Request: POST https://api.telegram.org/bot7881043106:AAF_4vEr-x74mGWuYUZtwe0_NO_rRgyMnnM/getUpdates "HTTP/1.1 200 OK"
2025-12-15 13:51:08,779 - httpx - INFO - HTTP Request: POST https://api.telegram.org/bot7881043106:AAF_4vEr-x74mGWuYUZtwe0_NO_rRgyMnnM/sendMessage "HTTP/1.1 200 OK"
2025-12-15 13:51:12,163 - httpx - INFO - HTTP Request: POST https://api.telegram.org/bot7881043106:AAF_4vEr-x74mGWuYUZtwe0_NO_rRgyMnnM/getUpdates "HTTP/1.1 200 OK"
2025-12-15 13:51:12,624 - httpx - INFO - HTTP Request: POST https://api.telegram.org/bot7881043106:AAF_4vEr-x74mGWuYUZtwe0_NO_rRgyMnnM/answerCallbackQuery "HTTP/1.1 200 OK"
2025-12-15 13:51:13,068 - httpx - INFO - HTTP Request: POST https://api.telegram.org/bot7881043106:AAF_4vEr-x74mGWuYUZtwe0_NO_rRgyMnnM/editMessageText "HTTP/1.1 200 OK"
2025-12-15 13:51:14,552 - httpx - INFO - HTTP Request: POST https://api.telegram.org/bot7881043106:AAF_4vEr-x74mGWuYUZtwe0_NO_rRgyMnnM/getUpdates "HTTP/1.1 200 OK"
2025-12-15 13:51:14,994 - httpx - INFO - HTTP Request: POST https://api.telegram.org/bot7881043106:AAF_4vEr-x74mGWuYUZtwe0_NO_rRgyMnnM/answerCallbackQuery "HTTP/1.1 200 OK"
2025-12-15 13:51:15,454 - httpx - INFO - HTTP Request: POST https://api.telegram.org/bot7881043106:AAF_4vEr-x74mGWuYUZtwe0_NO_rRgyMnnM/editMessageText "HTTP/1.1 200 OK"
2025-12-15 13:51:17,454 - httpx - INFO - HTTP Request: POST https://api.telegram.org/bot7881043106:AAF_4vEr-x74mGWuYUZtwe0_NO_rRgyMnnM/getUpdates "HTTP/1.1 200 OK"
2025-12-15 13:51:17,923 - httpx - INFO - HTTP Request: POST https://api.telegram.org/bot7881043106:AAF_4vEr-x74mGWuYUZtwe0_NO_rRgyMnnM/answerCallbackQuery "HTTP/1.1 200 OK"
2025-12-15 13:51:18,724 - httpx - INFO - HTTP Request: POST https://api.telegram.org/bot7881043106:AAF_4vEr-x74mGWuYUZtwe0_NO_rRgyMnnM/editMessageText "HTTP/1.1 200 OK"
2025-12-15 13:51:27,698 - httpx - INFO - HTTP Request: POST https://api.telegram.org/bot7881043106:AAF_4vEr-x74mGWuYUZtwe0_NO_rRgyMnnM/getUpdates "HTTP/1.1 200 OK"
2025-12-15 13:51:27,933 - httpx - INFO - HTTP Request: POST https://api.telegram.org/bot7881043106:AAF_4vEr-x74mGWuYUZtwe0_NO_rRgyMnnM/getUpdates "HTTP/1.1 200 OK"
2025-12-15 13:51:28,868 - httpx - INFO - HTTP Request: POST https://api.telegram.org/bot7881043106:AAF_4vEr-x74mGWuYUZtwe0_NO_rRgyMnnM/answerCallbackQuery "HTTP/1.1 200 OK"
2025-12-15 13:51:29,314 - httpx - INFO - HTTP Request: POST https://api.telegram.org/bot7881043106:AAF_4vEr-x74mGWuYUZtwe0_NO_rRgyMnnM/editMessageText "HTTP/1.1 200 OK"
2025-12-15 13:51:37,014 - httpx - INFO - HTTP Request: POST https://api.telegram.org/bot7881043106:AAF_4vEr-x74mGWuYUZtwe0_NO_rRgyMnnM/getUpdates "HTTP/1.1 200 OK"
2025-12-15 13:51:38,226 - httpx - INFO - HTTP Request: POST https://api.telegram.org/bot7881043106:AAF_4vEr-x74mGWuYUZtwe0_NO_rRgyMnnM/sendMessage "HTTP/1.1 200 OK"
2025-12-15 13:51:38,487 - httpx - INFO - HTTP Request: POST https://api.telegram.org/bot7881043106:AAF_4vEr-x74mGWuYUZtwe0_NO_rRgyMnnM/getFile "HTTP/1.1 200 OK"
2025-12-15 13:51:39,239 - httpx - INFO - HTTP Request: GET https://api.telegram.org/file/bot7881043106%3AAAF_4vEr-x74mGWuYUZtwe0_NO_rRgyMnnM/photos/file_3.jpg "HTTP/1.1 200 OK"
2025-12-15 13:51:46,575 - httpx - INFO - HTTP Request: POST https://api.telegram.org/bot7881043106:AAF_4vEr-x74mGWuYUZtwe0_NO_rRgyMnnM/editMessageText "HTTP/1.1 200 OK"
2025-12-15 13:51:47,258 - httpx - INFO - HTTP Request: POST https://api.telegram.org/bot7881043106:AAF_4vEr-x74mGWuYUZtwe0_NO_rRgyMnnM/getUpdates "HTTP/1.1 200 OK"
2025-12-15 13:51:47,353 - httpx - INFO - HTTP Request: POST https://api.telegram.org/bot7881043106:AAF_4vEr-x74mGWuYUZtwe0_NO_rRgyMnnM/sendPhoto "HTTP/1.1 200 OK"
2025-12-15 13:51:57,482 - httpx - INFO - HTTP Request: POST https://api.telegram.org/bot7881043106:AAF_4vEr-x74mGWuYUZtwe0_NO_rRgyMnnM/getUpdates "HTTP/1.1 200 OK"
2025-12-15 13:52:07,736 - httpx - INFO - HTTP Request: POST https://api.telegram.org/bot7881043106:AAF_4vEr-x74mGWuYUZtwe0_NO_rRgyMnnM/getUpdates "HTTP/1.1 200 OK"
2025-12-15 13:52:17,978 - httpx - INFO - HTTP Request: POST https://api.telegram.org/bot7881043106:AAF_4vEr-x74mGWuYUZtwe0_NO_rRgyMnnM/getUpdates "HTTP/1.1 200 OK"
